cargo:rerun-if-env-changed=LIBAVDEVICE_NO_PKG_CONFIG
cargo:rerun-if-env-changed=PKG_CONFIG_x86_64-unknown-linux-gnu
cargo:rerun-if-env-changed=PKG_CONFIG_x86_64_unknown_linux_gnu
cargo:rerun-if-env-changed=HOST_PKG_CONFIG
cargo:rerun-if-env-changed=PKG_CONFIG
cargo:rerun-if-env-changed=LIBAVDEVICE_STATIC
cargo:rerun-if-env-changed=LIBAVDEVICE_DYNAMIC
cargo:rerun-if-env-changed=PKG_CONFIG_ALL_STATIC
cargo:rerun-if-env-changed=PKG_CONFIG_ALL_DYNAMIC
cargo:rerun-if-env-changed=PKG_CONFIG_PATH_x86_64-unknown-linux-gnu
cargo:rerun-if-env-changed=PKG_CONFIG_PATH_x86_64_unknown_linux_gnu
cargo:rerun-if-env-changed=HOST_PKG_CONFIG_PATH
cargo:rerun-if-env-changed=PKG_CONFIG_PATH
cargo:rerun-if-env-changed=PKG_CONFIG_LIBDIR_x86_64-unknown-linux-gnu
cargo:rerun-if-env-changed=PKG_CONFIG_LIBDIR_x86_64_unknown_linux_gnu
cargo:rerun-if-env-changed=HOST_PKG_CONFIG_LIBDIR
cargo:rerun-if-env-changed=PKG_CONFIG_LIBDIR
cargo:rerun-if-env-changed=PKG_CONFIG_SYSROOT_DIR_x86_64-unknown-linux-gnu
cargo:rerun-if-env-changed=PKG_CONFIG_SYSROOT_DIR_x86_64_unknown_linux_gnu
cargo:rerun-if-env-changed=HOST_PKG_CONFIG_SYSROOT_DIR
cargo:rerun-if-env-changed=PKG_CONFIG_SYSROOT_DIR
cargo:rerun-if-env-changed=PKG_CONFIG_SYSROOT_DIR
cargo:rerun-if-env-changed=SYSROOT
cargo:rerun-if-env-changed=LIBAVDEVICE_STATIC
cargo:rerun-if-env-changed=LIBAVDEVICE_DYNAMIC
cargo:rerun-if-env-changed=PKG_CONFIG_ALL_STATIC
cargo:rerun-if-env-changed=PKG_CONFIG_ALL_DYNAMIC
cargo:rustc-link-search=native=/usr/local/lib
cargo:rustc-link-lib=avdevice
cargo:rustc-link-lib=avfilter
cargo:rustc-link-lib=m
cargo:rustc-link-search=native=/usr/lib/x86_64-linux-gnu/pkgconfig/../
cargo:rustc-link-lib=m
cargo:rustc-link-lib=m
cargo:rustc-link-lib=swscale
cargo:rustc-link-lib=avformat
cargo:rustc-link-lib=m
cargo:rustc-link-lib=avcodec
cargo:rustc-link-lib=m
cargo:rustc-link-lib=z
cargo:rustc-link-lib=swresample
cargo:rustc-link-lib=avutil
cargo:rustc-link-lib=va-drm
cargo:rustc-link-lib=m
cargo:rustc-link-lib=vpl
cargo:rustc-link-lib=dl
cargo:rustc-link-lib=va
cargo:rustc-link-lib=atomic
cargo:rerun-if-env-changed=PKG_CONFIG_x86_64-unknown-linux-gnu
cargo:rerun-if-env-changed=PKG_CONFIG_x86_64_unknown_linux_gnu
cargo:rerun-if-env-changed=HOST_PKG_CONFIG
cargo:rerun-if-env-changed=PKG_CONFIG
cargo:rerun-if-env-changed=LIBAVDEVICE_STATIC
cargo:rerun-if-env-changed=LIBAVDEVICE_DYNAMIC
cargo:rerun-if-env-changed=PKG_CONFIG_ALL_STATIC
cargo:rerun-if-env-changed=PKG_CONFIG_ALL_DYNAMIC
cargo:rerun-if-env-changed=PKG_CONFIG_PATH_x86_64-unknown-linux-gnu
cargo:rerun-if-env-changed=PKG_CONFIG_PATH_x86_64_unknown_linux_gnu
cargo:rerun-if-env-changed=HOST_PKG_CONFIG_PATH
cargo:rerun-if-env-changed=PKG_CONFIG_PATH
cargo:rerun-if-env-changed=PKG_CONFIG_LIBDIR_x86_64-unknown-linux-gnu
cargo:rerun-if-env-changed=PKG_CONFIG_LIBDIR_x86_64_unknown_linux_gnu
cargo:rerun-if-env-changed=HOST_PKG_CONFIG_LIBDIR
cargo:rerun-if-env-changed=PKG_CONFIG_LIBDIR
cargo:rerun-if-env-changed=PKG_CONFIG_SYSROOT_DIR_x86_64-unknown-linux-gnu
cargo:rerun-if-env-changed=PKG_CONFIG_SYSROOT_DIR_x86_64_unknown_linux_gnu
cargo:rerun-if-env-changed=HOST_PKG_CONFIG_SYSROOT_DIR
cargo:rerun-if-env-changed=PKG_CONFIG_SYSROOT_DIR
cargo::warning=libavdevice
cargo:rustc-link-search=native=/usr/local/lib
cargo::warning=    /usr/local/lib
cargo:rustc-link-search=native=/usr/lib/x86_64-linux-gnu/pkgconfig/../
cargo::warning=    /usr/lib/x86_64-linux-gnu/pkgconfig/../
cargo:rerun-if-env-changed=LIBAVFORMAT_NO_PKG_CONFIG
cargo:rerun-if-env-changed=PKG_CONFIG_x86_64-unknown-linux-gnu
cargo:rerun-if-env-changed=PKG_CONFIG_x86_64_unknown_linux_gnu
cargo:rerun-if-env-changed=HOST_PKG_CONFIG
cargo:rerun-if-env-changed=PKG_CONFIG
cargo:rerun-if-env-changed=LIBAVFORMAT_STATIC
cargo:rerun-if-env-changed=LIBAVFORMAT_DYNAMIC
cargo:rerun-if-env-changed=PKG_CONFIG_ALL_STATIC
cargo:rerun-if-env-changed=PKG_CONFIG_ALL_DYNAMIC
cargo:rerun-if-env-changed=PKG_CONFIG_PATH_x86_64-unknown-linux-gnu
cargo:rerun-if-env-changed=PKG_CONFIG_PATH_x86_64_unknown_linux_gnu
cargo:rerun-if-env-changed=HOST_PKG_CONFIG_PATH
cargo:rerun-if-env-changed=PKG_CONFIG_PATH
cargo:rerun-if-env-changed=PKG_CONFIG_LIBDIR_x86_64-unknown-linux-gnu
cargo:rerun-if-env-changed=PKG_CONFIG_LIBDIR_x86_64_unknown_linux_gnu
cargo:rerun-if-env-changed=HOST_PKG_CONFIG_LIBDIR
cargo:rerun-if-env-changed=PKG_CONFIG_LIBDIR
cargo:rerun-if-env-changed=PKG_CONFIG_SYSROOT_DIR_x86_64-unknown-linux-gnu
cargo:rerun-if-env-changed=PKG_CONFIG_SYSROOT_DIR_x86_64_unknown_linux_gnu
cargo:rerun-if-env-changed=HOST_PKG_CONFIG_SYSROOT_DIR
cargo:rerun-if-env-changed=PKG_CONFIG_SYSROOT_DIR
cargo:rerun-if-env-changed=PKG_CONFIG_SYSROOT_DIR
cargo:rerun-if-env-changed=SYSROOT
cargo:rerun-if-env-changed=LIBAVFORMAT_STATIC
cargo:rerun-if-env-changed=LIBAVFORMAT_DYNAMIC
cargo:rerun-if-env-changed=PKG_CONFIG_ALL_STATIC
cargo:rerun-if-env-changed=PKG_CONFIG_ALL_DYNAMIC
cargo:rustc-link-search=native=/usr/local/lib
cargo:rustc-link-lib=avformat
cargo:rustc-link-lib=avcodec
cargo:rustc-link-lib=m
cargo:rustc-link-lib=z
cargo:rustc-link-search=native=/usr/lib/x86_64-linux-gnu/pkgconfig/../
cargo:rustc-link-lib=swresample
cargo:rustc-link-lib=avutil
cargo:rustc-link-lib=va-drm
cargo:rustc-link-lib=m
cargo:rustc-link-lib=vpl
cargo:rustc-link-lib=dl
cargo:rustc-link-lib=va
cargo:rustc-link-lib=atomic
cargo:rerun-if-env-changed=PKG_CONFIG_x86_64-unknown-linux-gnu
cargo:rerun-if-env-changed=PKG_CONFIG_x86_64_unknown_linux_gnu
cargo:rerun-if-env-changed=HOST_PKG_CONFIG
cargo:rerun-if-env-changed=PKG_CONFIG
cargo:rerun-if-env-changed=LIBAVFORMAT_STATIC
cargo:rerun-if-env-changed=LIBAVFORMAT_DYNAMIC
cargo:rerun-if-env-changed=PKG_CONFIG_ALL_STATIC
cargo:rerun-if-env-changed=PKG_CONFIG_ALL_DYNAMIC
cargo:rerun-if-env-changed=PKG_CONFIG_PATH_x86_64-unknown-linux-gnu
cargo:rerun-if-env-changed=PKG_CONFIG_PATH_x86_64_unknown_linux_gnu
cargo:rerun-if-env-changed=HOST_PKG_CONFIG_PATH
cargo:rerun-if-env-changed=PKG_CONFIG_PATH
cargo:rerun-if-env-changed=PKG_CONFIG_LIBDIR_x86_64-unknown-linux-gnu
cargo:rerun-if-env-changed=PKG_CONFIG_LIBDIR_x86_64_unknown_linux_gnu
cargo:rerun-if-env-changed=HOST_PKG_CONFIG_LIBDIR
cargo:rerun-if-env-changed=PKG_CONFIG_LIBDIR
cargo:rerun-if-env-changed=PKG_CONFIG_SYSROOT_DIR_x86_64-unknown-linux-gnu
cargo:rerun-if-env-changed=PKG_CONFIG_SYSROOT_DIR_x86_64_unknown_linux_gnu
cargo:rerun-if-env-changed=HOST_PKG_CONFIG_SYSROOT_DIR
cargo:rerun-if-env-changed=PKG_CONFIG_SYSROOT_DIR
cargo::warning=libavformat
cargo:rustc-link-search=native=/usr/local/lib
cargo::warning=    /usr/local/lib
cargo:rustc-link-search=native=/usr/lib/x86_64-linux-gnu/pkgconfig/../
cargo::warning=    /usr/lib/x86_64-linux-gnu/pkgconfig/../
cargo:rerun-if-env-changed=LIBAVFILTER_NO_PKG_CONFIG
cargo:rerun-if-env-changed=PKG_CONFIG_x86_64-unknown-linux-gnu
cargo:rerun-if-env-changed=PKG_CONFIG_x86_64_unknown_linux_gnu
cargo:rerun-if-env-changed=HOST_PKG_CONFIG
cargo:rerun-if-env-changed=PKG_CONFIG
cargo:rerun-if-env-changed=LIBAVFILTER_STATIC
cargo:rerun-if-env-changed=LIBAVFILTER_DYNAMIC
cargo:rerun-if-env-changed=PKG_CONFIG_ALL_STATIC
cargo:rerun-if-env-changed=PKG_CONFIG_ALL_DYNAMIC
cargo:rerun-if-env-changed=PKG_CONFIG_PATH_x86_64-unknown-linux-gnu
cargo:rerun-if-env-changed=PKG_CONFIG_PATH_x86_64_unknown_linux_gnu
cargo:rerun-if-env-changed=HOST_PKG_CONFIG_PATH
cargo:rerun-if-env-changed=PKG_CONFIG_PATH
cargo:rerun-if-env-changed=PKG_CONFIG_LIBDIR_x86_64-unknown-linux-gnu
cargo:rerun-if-env-changed=PKG_CONFIG_LIBDIR_x86_64_unknown_linux_gnu
cargo:rerun-if-env-changed=HOST_PKG_CONFIG_LIBDIR
cargo:rerun-if-env-changed=PKG_CONFIG_LIBDIR
cargo:rerun-if-env-changed=PKG_CONFIG_SYSROOT_DIR_x86_64-unknown-linux-gnu
cargo:rerun-if-env-changed=PKG_CONFIG_SYSROOT_DIR_x86_64_unknown_linux_gnu
cargo:rerun-if-env-changed=HOST_PKG_CONFIG_SYSROOT_DIR
cargo:rerun-if-env-changed=PKG_CONFIG_SYSROOT_DIR
cargo:rerun-if-env-changed=PKG_CONFIG_SYSROOT_DIR
cargo:rerun-if-env-changed=SYSROOT
cargo:rerun-if-env-changed=LIBAVFILTER_STATIC
cargo:rerun-if-env-changed=LIBAVFILTER_DYNAMIC
cargo:rerun-if-env-changed=PKG_CONFIG_ALL_STATIC
cargo:rerun-if-env-changed=PKG_CONFIG_ALL_DYNAMIC
cargo:rustc-link-search=native=/usr/local/lib
cargo:rustc-link-lib=avfilter
cargo:rustc-link-lib=m
cargo:rustc-link-search=native=/usr/lib/x86_64-linux-gnu/pkgconfig/../
cargo:rustc-link-lib=swscale
cargo:rustc-link-lib=avformat
cargo:rustc-link-lib=m
cargo:rustc-link-lib=avcodec
cargo:rustc-link-lib=m
cargo:rustc-link-lib=z
cargo:rustc-link-lib=swresample
cargo:rustc-link-lib=avutil
cargo:rustc-link-lib=va-drm
cargo:rustc-link-lib=m
cargo:rustc-link-lib=vpl
cargo:rustc-link-lib=dl
cargo:rustc-link-lib=va
cargo:rustc-link-lib=atomic
cargo:rerun-if-env-changed=PKG_CONFIG_x86_64-unknown-linux-gnu
cargo:rerun-if-env-changed=PKG_CONFIG_x86_64_unknown_linux_gnu
cargo:rerun-if-env-changed=HOST_PKG_CONFIG
cargo:rerun-if-env-changed=PKG_CONFIG
cargo:rerun-if-env-changed=LIBAVFILTER_STATIC
cargo:rerun-if-env-changed=LIBAVFILTER_DYNAMIC
cargo:rerun-if-env-changed=PKG_CONFIG_ALL_STATIC
cargo:rerun-if-env-changed=PKG_CONFIG_ALL_DYNAMIC
cargo:rerun-if-env-changed=PKG_CONFIG_PATH_x86_64-unknown-linux-gnu
cargo:rerun-if-env-changed=PKG_CONFIG_PATH_x86_64_unknown_linux_gnu
cargo:rerun-if-env-changed=HOST_PKG_CONFIG_PATH
cargo:rerun-if-env-changed=PKG_CONFIG_PATH
cargo:rerun-if-env-changed=PKG_CONFIG_LIBDIR_x86_64-unknown-linux-gnu
cargo:rerun-if-env-changed=PKG_CONFIG_LIBDIR_x86_64_unknown_linux_gnu
cargo:rerun-if-env-changed=HOST_PKG_CONFIG_LIBDIR
cargo:rerun-if-env-changed=PKG_CONFIG_LIBDIR
cargo:rerun-if-env-changed=PKG_CONFIG_SYSROOT_DIR_x86_64-unknown-linux-gnu
cargo:rerun-if-env-changed=PKG_CONFIG_SYSROOT_DIR_x86_64_unknown_linux_gnu
cargo:rerun-if-env-changed=HOST_PKG_CONFIG_SYSROOT_DIR
cargo:rerun-if-env-changed=PKG_CONFIG_SYSROOT_DIR
cargo::warning=libavfilter
cargo:rustc-link-search=native=/usr/local/lib
cargo::warning=    /usr/local/lib
cargo:rustc-link-search=native=/usr/lib/x86_64-linux-gnu/pkgconfig/../
cargo::warning=    /usr/lib/x86_64-linux-gnu/pkgconfig/../
cargo:rerun-if-env-changed=LIBAVCODEC_NO_PKG_CONFIG
cargo:rerun-if-env-changed=PKG_CONFIG_x86_64-unknown-linux-gnu
cargo:rerun-if-env-changed=PKG_CONFIG_x86_64_unknown_linux_gnu
cargo:rerun-if-env-changed=HOST_PKG_CONFIG
cargo:rerun-if-env-changed=PKG_CONFIG
cargo:rerun-if-env-changed=LIBAVCODEC_STATIC
cargo:rerun-if-env-changed=LIBAVCODEC_DYNAMIC
cargo:rerun-if-env-changed=PKG_CONFIG_ALL_STATIC
cargo:rerun-if-env-changed=PKG_CONFIG_ALL_DYNAMIC
cargo:rerun-if-env-changed=PKG_CONFIG_PATH_x86_64-unknown-linux-gnu
cargo:rerun-if-env-changed=PKG_CONFIG_PATH_x86_64_unknown_linux_gnu
cargo:rerun-if-env-changed=HOST_PKG_CONFIG_PATH
cargo:rerun-if-env-changed=PKG_CONFIG_PATH
cargo:rerun-if-env-changed=PKG_CONFIG_LIBDIR_x86_64-unknown-linux-gnu
cargo:rerun-if-env-changed=PKG_CONFIG_LIBDIR_x86_64_unknown_linux_gnu
cargo:rerun-if-env-changed=HOST_PKG_CONFIG_LIBDIR
cargo:rerun-if-env-changed=PKG_CONFIG_LIBDIR
cargo:rerun-if-env-changed=PKG_CONFIG_SYSROOT_DIR_x86_64-unknown-linux-gnu
cargo:rerun-if-env-changed=PKG_CONFIG_SYSROOT_DIR_x86_64_unknown_linux_gnu
cargo:rerun-if-env-changed=HOST_PKG_CONFIG_SYSROOT_DIR
cargo:rerun-if-env-changed=PKG_CONFIG_SYSROOT_DIR
cargo:rerun-if-env-changed=PKG_CONFIG_SYSROOT_DIR
cargo:rerun-if-env-changed=SYSROOT
cargo:rerun-if-env-changed=LIBAVCODEC_STATIC
cargo:rerun-if-env-changed=LIBAVCODEC_DYNAMIC
cargo:rerun-if-env-changed=PKG_CONFIG_ALL_STATIC
cargo:rerun-if-env-changed=PKG_CONFIG_ALL_DYNAMIC
cargo:rustc-link-search=native=/usr/local/lib
cargo:rustc-link-lib=avcodec
cargo:rustc-link-lib=m
cargo:rustc-link-lib=z
cargo:rustc-link-search=native=/usr/lib/x86_64-linux-gnu/pkgconfig/../
cargo:rustc-link-lib=swresample
cargo:rustc-link-lib=avutil
cargo:rustc-link-lib=va-drm
cargo:rustc-link-lib=m
cargo:rustc-link-lib=vpl
cargo:rustc-link-lib=dl
cargo:rustc-link-lib=va
cargo:rustc-link-lib=atomic
cargo:rerun-if-env-changed=PKG_CONFIG_x86_64-unknown-linux-gnu
cargo:rerun-if-env-changed=PKG_CONFIG_x86_64_unknown_linux_gnu
cargo:rerun-if-env-changed=HOST_PKG_CONFIG
cargo:rerun-if-env-changed=PKG_CONFIG
cargo:rerun-if-env-changed=LIBAVCODEC_STATIC
cargo:rerun-if-env-changed=LIBAVCODEC_DYNAMIC
cargo:rerun-if-env-changed=PKG_CONFIG_ALL_STATIC
cargo:rerun-if-env-changed=PKG_CONFIG_ALL_DYNAMIC
cargo:rerun-if-env-changed=PKG_CONFIG_PATH_x86_64-unknown-linux-gnu
cargo:rerun-if-env-changed=PKG_CONFIG_PATH_x86_64_unknown_linux_gnu
cargo:rerun-if-env-changed=HOST_PKG_CONFIG_PATH
cargo:rerun-if-env-changed=PKG_CONFIG_PATH
cargo:rerun-if-env-changed=PKG_CONFIG_LIBDIR_x86_64-unknown-linux-gnu
cargo:rerun-if-env-changed=PKG_CONFIG_LIBDIR_x86_64_unknown_linux_gnu
cargo:rerun-if-env-changed=HOST_PKG_CONFIG_LIBDIR
cargo:rerun-if-env-changed=PKG_CONFIG_LIBDIR
cargo:rerun-if-env-changed=PKG_CONFIG_SYSROOT_DIR_x86_64-unknown-linux-gnu
cargo:rerun-if-env-changed=PKG_CONFIG_SYSROOT_DIR_x86_64_unknown_linux_gnu
cargo:rerun-if-env-changed=HOST_PKG_CONFIG_SYSROOT_DIR
cargo:rerun-if-env-changed=PKG_CONFIG_SYSROOT_DIR
cargo::warning=libavcodec
cargo:rustc-link-search=native=/usr/local/lib
cargo::warning=    /usr/local/lib
cargo:rustc-link-search=native=/usr/lib/x86_64-linux-gnu/pkgconfig/../
cargo::warning=    /usr/lib/x86_64-linux-gnu/pkgconfig/../
cargo:rerun-if-env-changed=LIBSWRESAMPLE_NO_PKG_CONFIG
cargo:rerun-if-env-changed=PKG_CONFIG_x86_64-unknown-linux-gnu
cargo:rerun-if-env-changed=PKG_CONFIG_x86_64_unknown_linux_gnu
cargo:rerun-if-env-changed=HOST_PKG_CONFIG
cargo:rerun-if-env-changed=PKG_CONFIG
cargo:rerun-if-env-changed=LIBSWRESAMPLE_STATIC
cargo:rerun-if-env-changed=LIBSWRESAMPLE_DYNAMIC
cargo:rerun-if-env-changed=PKG_CONFIG_ALL_STATIC
cargo:rerun-if-env-changed=PKG_CONFIG_ALL_DYNAMIC
cargo:rerun-if-env-changed=PKG_CONFIG_PATH_x86_64-unknown-linux-gnu
cargo:rerun-if-env-changed=PKG_CONFIG_PATH_x86_64_unknown_linux_gnu
cargo:rerun-if-env-changed=HOST_PKG_CONFIG_PATH
cargo:rerun-if-env-changed=PKG_CONFIG_PATH
cargo:rerun-if-env-changed=PKG_CONFIG_LIBDIR_x86_64-unknown-linux-gnu
cargo:rerun-if-env-changed=PKG_CONFIG_LIBDIR_x86_64_unknown_linux_gnu
cargo:rerun-if-env-changed=HOST_PKG_CONFIG_LIBDIR
cargo:rerun-if-env-changed=PKG_CONFIG_LIBDIR
cargo:rerun-if-env-changed=PKG_CONFIG_SYSROOT_DIR_x86_64-unknown-linux-gnu
cargo:rerun-if-env-changed=PKG_CONFIG_SYSROOT_DIR_x86_64_unknown_linux_gnu
cargo:rerun-if-env-changed=HOST_PKG_CONFIG_SYSROOT_DIR
cargo:rerun-if-env-changed=PKG_CONFIG_SYSROOT_DIR
cargo:rerun-if-env-changed=PKG_CONFIG_SYSROOT_DIR
cargo:rerun-if-env-changed=SYSROOT
cargo:rerun-if-env-changed=LIBSWRESAMPLE_STATIC
cargo:rerun-if-env-changed=LIBSWRESAMPLE_DYNAMIC
cargo:rerun-if-env-changed=PKG_CONFIG_ALL_STATIC
cargo:rerun-if-env-changed=PKG_CONFIG_ALL_DYNAMIC
cargo:rustc-link-search=native=/usr/local/lib
cargo:rustc-link-lib=swresample
cargo:rustc-link-lib=avutil
cargo:rustc-link-lib=va-drm
cargo:rustc-link-lib=m
cargo:rustc-link-search=native=/usr/lib/x86_64-linux-gnu/pkgconfig/../
cargo:rustc-link-lib=vpl
cargo:rustc-link-lib=dl
cargo:rustc-link-lib=va
cargo:rustc-link-lib=atomic
cargo:rerun-if-env-changed=PKG_CONFIG_x86_64-unknown-linux-gnu
cargo:rerun-if-env-changed=PKG_CONFIG_x86_64_unknown_linux_gnu
cargo:rerun-if-env-changed=HOST_PKG_CONFIG
cargo:rerun-if-env-changed=PKG_CONFIG
cargo:rerun-if-env-changed=LIBSWRESAMPLE_STATIC
cargo:rerun-if-env-changed=LIBSWRESAMPLE_DYNAMIC
cargo:rerun-if-env-changed=PKG_CONFIG_ALL_STATIC
cargo:rerun-if-env-changed=PKG_CONFIG_ALL_DYNAMIC
cargo:rerun-if-env-changed=PKG_CONFIG_PATH_x86_64-unknown-linux-gnu
cargo:rerun-if-env-changed=PKG_CONFIG_PATH_x86_64_unknown_linux_gnu
cargo:rerun-if-env-changed=HOST_PKG_CONFIG_PATH
cargo:rerun-if-env-changed=PKG_CONFIG_PATH
cargo:rerun-if-env-changed=PKG_CONFIG_LIBDIR_x86_64-unknown-linux-gnu
cargo:rerun-if-env-changed=PKG_CONFIG_LIBDIR_x86_64_unknown_linux_gnu
cargo:rerun-if-env-changed=HOST_PKG_CONFIG_LIBDIR
cargo:rerun-if-env-changed=PKG_CONFIG_LIBDIR
cargo:rerun-if-env-changed=PKG_CONFIG_SYSROOT_DIR_x86_64-unknown-linux-gnu
cargo:rerun-if-env-changed=PKG_CONFIG_SYSROOT_DIR_x86_64_unknown_linux_gnu
cargo:rerun-if-env-changed=HOST_PKG_CONFIG_SYSROOT_DIR
cargo:rerun-if-env-changed=PKG_CONFIG_SYSROOT_DIR
cargo::warning=libswresample
cargo:rustc-link-search=native=/usr/local/lib
cargo::warning=    /usr/local/lib
cargo:rustc-link-search=native=/usr/lib/x86_64-linux-gnu/pkgconfig/../
cargo::warning=    /usr/lib/x86_64-linux-gnu/pkgconfig/../
cargo:rerun-if-env-changed=LIBSWSCALE_NO_PKG_CONFIG
cargo:rerun-if-env-changed=PKG_CONFIG_x86_64-unknown-linux-gnu
cargo:rerun-if-env-changed=PKG_CONFIG_x86_64_unknown_linux_gnu
cargo:rerun-if-env-changed=HOST_PKG_CONFIG
cargo:rerun-if-env-changed=PKG_CONFIG
cargo:rerun-if-env-changed=LIBSWSCALE_STATIC
cargo:rerun-if-env-changed=LIBSWSCALE_DYNAMIC
cargo:rerun-if-env-changed=PKG_CONFIG_ALL_STATIC
cargo:rerun-if-env-changed=PKG_CONFIG_ALL_DYNAMIC
cargo:rerun-if-env-changed=PKG_CONFIG_PATH_x86_64-unknown-linux-gnu
cargo:rerun-if-env-changed=PKG_CONFIG_PATH_x86_64_unknown_linux_gnu
cargo:rerun-if-env-changed=HOST_PKG_CONFIG_PATH
cargo:rerun-if-env-changed=PKG_CONFIG_PATH
cargo:rerun-if-env-changed=PKG_CONFIG_LIBDIR_x86_64-unknown-linux-gnu
cargo:rerun-if-env-changed=PKG_CONFIG_LIBDIR_x86_64_unknown_linux_gnu
cargo:rerun-if-env-changed=HOST_PKG_CONFIG_LIBDIR
cargo:rerun-if-env-changed=PKG_CONFIG_LIBDIR
cargo:rerun-if-env-changed=PKG_CONFIG_SYSROOT_DIR_x86_64-unknown-linux-gnu
cargo:rerun-if-env-changed=PKG_CONFIG_SYSROOT_DIR_x86_64_unknown_linux_gnu
cargo:rerun-if-env-changed=HOST_PKG_CONFIG_SYSROOT_DIR
cargo:rerun-if-env-changed=PKG_CONFIG_SYSROOT_DIR
cargo:rerun-if-env-changed=PKG_CONFIG_SYSROOT_DIR
cargo:rerun-if-env-changed=SYSROOT
cargo:rerun-if-env-changed=LIBSWSCALE_STATIC
cargo:rerun-if-env-changed=LIBSWSCALE_DYNAMIC
cargo:rerun-if-env-changed=PKG_CONFIG_ALL_STATIC
cargo:rerun-if-env-changed=PKG_CONFIG_ALL_DYNAMIC
cargo:rustc-link-search=native=/usr/local/lib
cargo:rustc-link-lib=swscale
cargo:rustc-link-lib=avutil
cargo:rustc-link-lib=va-drm
cargo:rustc-link-lib=m
cargo:rustc-link-search=native=/usr/lib/x86_64-linux-gnu/pkgconfig/../
cargo:rustc-link-lib=vpl
cargo:rustc-link-lib=dl
cargo:rustc-link-lib=va
cargo:rustc-link-lib=atomic
cargo:rerun-if-env-changed=PKG_CONFIG_x86_64-unknown-linux-gnu
cargo:rerun-if-env-changed=PKG_CONFIG_x86_64_unknown_linux_gnu
cargo:rerun-if-env-changed=HOST_PKG_CONFIG
cargo:rerun-if-env-changed=PKG_CONFIG
cargo:rerun-if-env-changed=LIBSWSCALE_STATIC
cargo:rerun-if-env-changed=LIBSWSCALE_DYNAMIC
cargo:rerun-if-env-changed=PKG_CONFIG_ALL_STATIC
cargo:rerun-if-env-changed=PKG_CONFIG_ALL_DYNAMIC
cargo:rerun-if-env-changed=PKG_CONFIG_PATH_x86_64-unknown-linux-gnu
cargo:rerun-if-env-changed=PKG_CONFIG_PATH_x86_64_unknown_linux_gnu
cargo:rerun-if-env-changed=HOST_PKG_CONFIG_PATH
cargo:rerun-if-env-changed=PKG_CONFIG_PATH
cargo:rerun-if-env-changed=PKG_CONFIG_LIBDIR_x86_64-unknown-linux-gnu
cargo:rerun-if-env-changed=PKG_CONFIG_LIBDIR_x86_64_unknown_linux_gnu
cargo:rerun-if-env-changed=HOST_PKG_CONFIG_LIBDIR
cargo:rerun-if-env-changed=PKG_CONFIG_LIBDIR
cargo:rerun-if-env-changed=PKG_CONFIG_SYSROOT_DIR_x86_64-unknown-linux-gnu
cargo:rerun-if-env-changed=PKG_CONFIG_SYSROOT_DIR_x86_64_unknown_linux_gnu
cargo:rerun-if-env-changed=HOST_PKG_CONFIG_SYSROOT_DIR
cargo:rerun-if-env-changed=PKG_CONFIG_SYSROOT_DIR
cargo::warning=libswscale
cargo:rustc-link-search=native=/usr/local/lib
cargo::warning=    /usr/local/lib
cargo:rustc-link-search=native=/usr/lib/x86_64-linux-gnu/pkgconfig/../
cargo::warning=    /usr/lib/x86_64-linux-gnu/pkgconfig/../
cargo:rerun-if-env-changed=LIBAVUTIL_NO_PKG_CONFIG
cargo:rerun-if-env-changed=PKG_CONFIG_x86_64-unknown-linux-gnu
cargo:rerun-if-env-changed=PKG_CONFIG_x86_64_unknown_linux_gnu
cargo:rerun-if-env-changed=HOST_PKG_CONFIG
cargo:rerun-if-env-changed=PKG_CONFIG
cargo:rerun-if-env-changed=LIBAVUTIL_STATIC
cargo:rerun-if-env-changed=LIBAVUTIL_DYNAMIC
cargo:rerun-if-env-changed=PKG_CONFIG_ALL_STATIC
cargo:rerun-if-env-changed=PKG_CONFIG_ALL_DYNAMIC
cargo:rerun-if-env-changed=PKG_CONFIG_PATH_x86_64-unknown-linux-gnu
cargo:rerun-if-env-changed=PKG_CONFIG_PATH_x86_64_unknown_linux_gnu
cargo:rerun-if-env-changed=HOST_PKG_CONFIG_PATH
cargo:rerun-if-env-changed=PKG_CONFIG_PATH
cargo:rerun-if-env-changed=PKG_CONFIG_LIBDIR_x86_64-unknown-linux-gnu
cargo:rerun-if-env-changed=PKG_CONFIG_LIBDIR_x86_64_unknown_linux_gnu
cargo:rerun-if-env-changed=HOST_PKG_CONFIG_LIBDIR
cargo:rerun-if-env-changed=PKG_CONFIG_LIBDIR
cargo:rerun-if-env-changed=PKG_CONFIG_SYSROOT_DIR_x86_64-unknown-linux-gnu
cargo:rerun-if-env-changed=PKG_CONFIG_SYSROOT_DIR_x86_64_unknown_linux_gnu
cargo:rerun-if-env-changed=HOST_PKG_CONFIG_SYSROOT_DIR
cargo:rerun-if-env-changed=PKG_CONFIG_SYSROOT_DIR
cargo:rerun-if-env-changed=PKG_CONFIG_SYSROOT_DIR
cargo:rerun-if-env-changed=SYSROOT
cargo:rerun-if-env-changed=LIBAVUTIL_STATIC
cargo:rerun-if-env-changed=LIBAVUTIL_DYNAMIC
cargo:rerun-if-env-changed=PKG_CONFIG_ALL_STATIC
cargo:rerun-if-env-changed=PKG_CONFIG_ALL_DYNAMIC
cargo:rustc-link-search=native=/usr/local/lib
cargo:rustc-link-lib=avutil
cargo:rustc-link-lib=va-drm
cargo:rustc-link-lib=m
cargo:rustc-link-search=native=/usr/lib/x86_64-linux-gnu/pkgconfig/../
cargo:rustc-link-lib=vpl
cargo:rustc-link-lib=dl
cargo:rustc-link-lib=va
cargo:rustc-link-lib=atomic
cargo:rerun-if-env-changed=PKG_CONFIG_x86_64-unknown-linux-gnu
cargo:rerun-if-env-changed=PKG_CONFIG_x86_64_unknown_linux_gnu
cargo:rerun-if-env-changed=HOST_PKG_CONFIG
cargo:rerun-if-env-changed=PKG_CONFIG
cargo:rerun-if-env-changed=LIBAVUTIL_STATIC
cargo:rerun-if-env-changed=LIBAVUTIL_DYNAMIC
cargo:rerun-if-env-changed=PKG_CONFIG_ALL_STATIC
cargo:rerun-if-env-changed=PKG_CONFIG_ALL_DYNAMIC
cargo:rerun-if-env-changed=PKG_CONFIG_PATH_x86_64-unknown-linux-gnu
cargo:rerun-if-env-changed=PKG_CONFIG_PATH_x86_64_unknown_linux_gnu
cargo:rerun-if-env-changed=HOST_PKG_CONFIG_PATH
cargo:rerun-if-env-changed=PKG_CONFIG_PATH
cargo:rerun-if-env-changed=PKG_CONFIG_LIBDIR_x86_64-unknown-linux-gnu
cargo:rerun-if-env-changed=PKG_CONFIG_LIBDIR_x86_64_unknown_linux_gnu
cargo:rerun-if-env-changed=HOST_PKG_CONFIG_LIBDIR
cargo:rerun-if-env-changed=PKG_CONFIG_LIBDIR
cargo:rerun-if-env-changed=PKG_CONFIG_SYSROOT_DIR_x86_64-unknown-linux-gnu
cargo:rerun-if-env-changed=PKG_CONFIG_SYSROOT_DIR_x86_64_unknown_linux_gnu
cargo:rerun-if-env-changed=HOST_PKG_CONFIG_SYSROOT_DIR
cargo:rerun-if-env-changed=PKG_CONFIG_SYSROOT_DIR
cargo::warning=libavutil
cargo:rustc-link-search=native=/usr/local/lib
cargo::warning=    /usr/local/lib
cargo:rustc-link-search=native=/usr/lib/x86_64-linux-gnu/pkgconfig/../
cargo::warning=    /usr/lib/x86_64-linux-gnu/pkgconfig/../
OUT_DIR = Some(/home/hajin/projects/haema/target/debug/build/haema-ff-sys-7706f4a3f5c2d6f4/out)
OPT_LEVEL = Some(0)
TARGET = Some(x86_64-unknown-linux-gnu)
HOST = Some(x86_64-unknown-linux-gnu)
cargo:rerun-if-env-changed=CC_x86_64-unknown-linux-gnu
CC_x86_64-unknown-linux-gnu = None
cargo:rerun-if-env-changed=CC_x86_64_unknown_linux_gnu
CC_x86_64_unknown_linux_gnu = None
cargo:rerun-if-env-changed=HOST_CC
HOST_CC = None
cargo:rerun-if-env-changed=CC
CC = None
cargo:rerun-if-env-changed=CC_ENABLE_DEBUG_OUTPUT
RUSTC_WRAPPER = None
cargo:rerun-if-env-changed=CRATE_CC_NO_DEFAULTS
CRATE_CC_NO_DEFAULTS = None
DEBUG = Some(true)
CARGO_CFG_TARGET_FEATURE = Some(fxsr,sse,sse2)
cargo:rerun-if-env-changed=CFLAGS
CFLAGS = None
cargo:rerun-if-env-changed=HOST_CFLAGS
HOST_CFLAGS = None
cargo:rerun-if-env-changed=CFLAGS_x86_64_unknown_linux_gnu
CFLAGS_x86_64_unknown_linux_gnu = None
cargo:rerun-if-env-changed=CFLAGS_x86_64-unknown-linux-gnu
CFLAGS_x86_64-unknown-linux-gnu = None
CARGO_ENCODED_RUSTFLAGS = Some()
cargo:warning=c_src/hm_transcode.c: In function 'get_format':
cargo:warning=c_src/hm_transcode.c:30:32: warning: unused parameter 'avctx' [-Wunused-parameter]
cargo:warning=   30 | int get_format(AVCodecContext *avctx, const enum AVPixelFormat *pix_fmts) {
cargo:warning=      |                ~~~~~~~~~~~~~~~~^~~~~
cargo:warning=c_src/hm_transcode.c: In function 'transcode_segment':
cargo:warning=c_src/hm_transcode.c:348:60: warning: unused parameter 'encoder_name' [-Wunused-parameter]
cargo:warning=  348 | int transcode_segment(const char *in_filename, const char *encoder_name,
cargo:warning=      |                                                ~~~~~~~~~~~~^~~~~~~~~~~~
cargo:rerun-if-env-changed=AR_x86_64-unknown-linux-gnu
AR_x86_64-unknown-linux-gnu = None
cargo:rerun-if-env-changed=AR_x86_64_unknown_linux_gnu
AR_x86_64_unknown_linux_gnu = None
cargo:rerun-if-env-changed=HOST_AR
HOST_AR = None
cargo:rerun-if-env-changed=AR
AR = None
cargo:rerun-if-env-changed=ARFLAGS
ARFLAGS = None
cargo:rerun-if-env-changed=HOST_ARFLAGS
HOST_ARFLAGS = None
cargo:rerun-if-env-changed=ARFLAGS_x86_64_unknown_linux_gnu
ARFLAGS_x86_64_unknown_linux_gnu = None
cargo:rerun-if-env-changed=ARFLAGS_x86_64-unknown-linux-gnu
ARFLAGS_x86_64-unknown-linux-gnu = None
cargo:rustc-link-lib=static=hmff
cargo:rustc-link-search=native=/home/hajin/projects/haema/target/debug/build/haema-ff-sys-7706f4a3f5c2d6f4/out
cargo::rerun-if-changed=c_src/hm_transcode.c
cargo::rerun-if-changed=c_src/hm_probe.c
cargo::rerun-if-changed=c_src/include/hm_util.h
